
*** Running vivado
    with args -log top.vds -m64 -product Vivado -mode batch -messageDb vivado.pb -notrace -source top.tcl



****** Vivado v2020.2 (64-bit)
  **** SW Build 3064766 on Wed Nov 18 09:12:45 MST 2020
  **** IP Build 3064653 on Wed Nov 18 14:17:31 MST 2020
    ** Copyright 1986-2020 Xilinx, Inc. All Rights Reserved.

source top.tcl -notrace
Command: synth_design -top top -part xc7a100tcsg324-1
Starting synth_design
Attempting to get a license for feature 'Synthesis' and/or device 'xc7a100t'
INFO: [Common 17-349] Got license for feature 'Synthesis' and/or device 'xc7a100t'
INFO: [Device 21-403] Loading part xc7a100tcsg324-1
INFO: [Synth 8-7079] Multithreading enabled for synth_design using a maximum of 2 processes.
INFO: [Synth 8-7078] Launching helper process for spawning children vivado processes
INFO: [Synth 8-7075] Helper process launched with PID 5428
---------------------------------------------------------------------------------
Starting RTL Elaboration : Time (s): cpu = 00:00:05 ; elapsed = 00:00:05 . Memory (MB): peak = 1004.785 ; gain = 0.000
---------------------------------------------------------------------------------
INFO: [Synth 8-638] synthesizing module 'top' [C:/Users/Martin/Disk Google/VUT/BPC-EKT/4.semestr/BPC-DE1/Digital-electronics-1-Tachometer/sw/tachometer/tachometer.srcs/sources_1/new/top.vhd:45]
INFO: [Synth 8-638] synthesizing module 'DRIVER_4x7SEG' [C:/Users/Martin/Disk Google/VUT/BPC-EKT/4.semestr/BPC-DE1/Digital-electronics-1-Tachometer/sw/tachometer/tachometer.srcs/sources_1/imports/sources/DRIVER_4x7SEG.vhd:50]
INFO: [Synth 8-638] synthesizing module 'CLOCK' [C:/Users/Martin/Disk Google/VUT/BPC-EKT/4.semestr/BPC-DE1/Digital-electronics-1-Tachometer/sw/tachometer/tachometer.srcs/sources_1/imports/sources/CLOCK.vhd:43]
	Parameter g_MAX bound to: 400000 - type: integer 
INFO: [Synth 8-256] done synthesizing module 'CLOCK' (1#1) [C:/Users/Martin/Disk Google/VUT/BPC-EKT/4.semestr/BPC-DE1/Digital-electronics-1-Tachometer/sw/tachometer/tachometer.srcs/sources_1/imports/sources/CLOCK.vhd:43]
INFO: [Synth 8-638] synthesizing module 'cnt_up_down' [C:/Users/Martin/Disk Google/VUT/BPC-EKT/4.semestr/BPC-DE1/Digital-electronics-1-Tachometer/sw/tachometer/tachometer.srcs/sources_1/imports/sources/UP_DOWN_COUNTER.vhd:43]
	Parameter g_CNT_WIDTH bound to: 2 - type: integer 
INFO: [Synth 8-256] done synthesizing module 'cnt_up_down' (2#1) [C:/Users/Martin/Disk Google/VUT/BPC-EKT/4.semestr/BPC-DE1/Digital-electronics-1-Tachometer/sw/tachometer/tachometer.srcs/sources_1/imports/sources/UP_DOWN_COUNTER.vhd:43]
INFO: [Synth 8-638] synthesizing module 'DECODER_7SEG' [C:/Users/Martin/Disk Google/VUT/BPC-EKT/4.semestr/BPC-DE1/Digital-electronics-1-Tachometer/sw/tachometer/tachometer.srcs/sources_1/imports/sources/DECODER_7SEG.vhd:36]
INFO: [Synth 8-256] done synthesizing module 'DECODER_7SEG' (3#1) [C:/Users/Martin/Disk Google/VUT/BPC-EKT/4.semestr/BPC-DE1/Digital-electronics-1-Tachometer/sw/tachometer/tachometer.srcs/sources_1/imports/sources/DECODER_7SEG.vhd:36]
INFO: [Synth 8-256] done synthesizing module 'DRIVER_4x7SEG' (4#1) [C:/Users/Martin/Disk Google/VUT/BPC-EKT/4.semestr/BPC-DE1/Digital-electronics-1-Tachometer/sw/tachometer/tachometer.srcs/sources_1/imports/sources/DRIVER_4x7SEG.vhd:50]
INFO: [Synth 8-638] synthesizing module 'sensor' [C:/Users/Martin/Disk Google/VUT/BPC-EKT/4.semestr/BPC-DE1/Digital-electronics-1-Tachometer/sw/tachometer/tachometer.srcs/sources_1/imports/new/sensor.vhd:46]
WARNING: [Synth 8-614] signal 's_sensor_i_re' is read in the process but is not in the sensitivity list [C:/Users/Martin/Disk Google/VUT/BPC-EKT/4.semestr/BPC-DE1/Digital-electronics-1-Tachometer/sw/tachometer/tachometer.srcs/sources_1/imports/new/sensor.vhd:89]
WARNING: [Synth 8-614] signal 's_speed_cnt' is read in the process but is not in the sensitivity list [C:/Users/Martin/Disk Google/VUT/BPC-EKT/4.semestr/BPC-DE1/Digital-electronics-1-Tachometer/sw/tachometer/tachometer.srcs/sources_1/imports/new/sensor.vhd:117]
WARNING: [Synth 8-614] signal 's_sensor_i_re' is read in the process but is not in the sensitivity list [C:/Users/Martin/Disk Google/VUT/BPC-EKT/4.semestr/BPC-DE1/Digital-electronics-1-Tachometer/sw/tachometer/tachometer.srcs/sources_1/imports/new/sensor.vhd:117]
WARNING: [Synth 8-614] signal 's_speed' is read in the process but is not in the sensitivity list [C:/Users/Martin/Disk Google/VUT/BPC-EKT/4.semestr/BPC-DE1/Digital-electronics-1-Tachometer/sw/tachometer/tachometer.srcs/sources_1/imports/new/sensor.vhd:117]
INFO: [Synth 8-256] done synthesizing module 'sensor' (5#1) [C:/Users/Martin/Disk Google/VUT/BPC-EKT/4.semestr/BPC-DE1/Digital-electronics-1-Tachometer/sw/tachometer/tachometer.srcs/sources_1/imports/new/sensor.vhd:46]
INFO: [Synth 8-638] synthesizing module 'total_km_cnt' [C:/Users/Martin/Disk Google/VUT/BPC-EKT/4.semestr/BPC-DE1/Digital-electronics-1-Tachometer/sw/tachometer/tachometer.srcs/sources_1/imports/drive-download-20210502T190236Z-001/km_total.vhd:22]
INFO: [Synth 8-256] done synthesizing module 'total_km_cnt' (6#1) [C:/Users/Martin/Disk Google/VUT/BPC-EKT/4.semestr/BPC-DE1/Digital-electronics-1-Tachometer/sw/tachometer/tachometer.srcs/sources_1/imports/drive-download-20210502T190236Z-001/km_total.vhd:22]
INFO: [Synth 8-638] synthesizing module 'total_time' [C:/Users/Martin/Disk Google/VUT/BPC-EKT/4.semestr/BPC-DE1/Digital-electronics-1-Tachometer/sw/tachometer/tachometer.srcs/sources_1/imports/Downloads/time_total.vhd:19]
INFO: [Synth 8-256] done synthesizing module 'total_time' (7#1) [C:/Users/Martin/Disk Google/VUT/BPC-EKT/4.semestr/BPC-DE1/Digital-electronics-1-Tachometer/sw/tachometer/tachometer.srcs/sources_1/imports/Downloads/time_total.vhd:19]
INFO: [Synth 8-638] synthesizing module 'calories' [C:/Users/Martin/Disk Google/VUT/BPC-EKT/4.semestr/BPC-DE1/Digital-electronics-1-Tachometer/sw/tachometer/tachometer.srcs/sources_1/imports/drive-download-20210502T190236Z-001/calories.vhd:19]
INFO: [Synth 8-256] done synthesizing module 'calories' (8#1) [C:/Users/Martin/Disk Google/VUT/BPC-EKT/4.semestr/BPC-DE1/Digital-electronics-1-Tachometer/sw/tachometer/tachometer.srcs/sources_1/imports/drive-download-20210502T190236Z-001/calories.vhd:19]
INFO: [Synth 8-638] synthesizing module 'state_machine' [C:/Users/Martin/Disk Google/VUT/BPC-EKT/4.semestr/BPC-DE1/Digital-electronics-1-Tachometer/sw/tachometer/tachometer.srcs/sources_1/imports/Downloads/state_machine.vhd:40]
INFO: [Synth 8-256] done synthesizing module 'state_machine' (9#1) [C:/Users/Martin/Disk Google/VUT/BPC-EKT/4.semestr/BPC-DE1/Digital-electronics-1-Tachometer/sw/tachometer/tachometer.srcs/sources_1/imports/Downloads/state_machine.vhd:40]
INFO: [Synth 8-638] synthesizing module 'button_int' [C:/Users/Martin/Disk Google/VUT/BPC-EKT/4.semestr/BPC-DE1/Digital-electronics-1-Tachometer/sw/tachometer/tachometer.srcs/sources_1/imports/Downloads/button_int.vhd:24]
WARNING: [Synth 8-614] signal 'State' is read in the process but is not in the sensitivity list [C:/Users/Martin/Disk Google/VUT/BPC-EKT/4.semestr/BPC-DE1/Digital-electronics-1-Tachometer/sw/tachometer/tachometer.srcs/sources_1/imports/Downloads/button_int.vhd:148]
WARNING: [Synth 8-614] signal 's_cnt' is read in the process but is not in the sensitivity list [C:/Users/Martin/Disk Google/VUT/BPC-EKT/4.semestr/BPC-DE1/Digital-electronics-1-Tachometer/sw/tachometer/tachometer.srcs/sources_1/imports/Downloads/button_int.vhd:148]
WARNING: [Synth 8-614] signal 'temp_ok' is read in the process but is not in the sensitivity list [C:/Users/Martin/Disk Google/VUT/BPC-EKT/4.semestr/BPC-DE1/Digital-electronics-1-Tachometer/sw/tachometer/tachometer.srcs/sources_1/imports/Downloads/button_int.vhd:148]
INFO: [Synth 8-256] done synthesizing module 'button_int' (10#1) [C:/Users/Martin/Disk Google/VUT/BPC-EKT/4.semestr/BPC-DE1/Digital-electronics-1-Tachometer/sw/tachometer/tachometer.srcs/sources_1/imports/Downloads/button_int.vhd:24]
INFO: [Synth 8-256] done synthesizing module 'top' (11#1) [C:/Users/Martin/Disk Google/VUT/BPC-EKT/4.semestr/BPC-DE1/Digital-electronics-1-Tachometer/sw/tachometer/tachometer.srcs/sources_1/new/top.vhd:45]
---------------------------------------------------------------------------------
Finished RTL Elaboration : Time (s): cpu = 00:00:07 ; elapsed = 00:00:07 . Memory (MB): peak = 1004.785 ; gain = 0.000
---------------------------------------------------------------------------------
---------------------------------------------------------------------------------
Start Handling Custom Attributes
---------------------------------------------------------------------------------
---------------------------------------------------------------------------------
Finished Handling Custom Attributes : Time (s): cpu = 00:00:07 ; elapsed = 00:00:07 . Memory (MB): peak = 1004.785 ; gain = 0.000
---------------------------------------------------------------------------------
---------------------------------------------------------------------------------
Finished RTL Optimization Phase 1 : Time (s): cpu = 00:00:07 ; elapsed = 00:00:07 . Memory (MB): peak = 1004.785 ; gain = 0.000
---------------------------------------------------------------------------------
Netlist sorting complete. Time (s): cpu = 00:00:00 ; elapsed = 00:00:00.045 . Memory (MB): peak = 1004.785 ; gain = 0.000
INFO: [Project 1-570] Preparing netlist for logic optimization

Processing XDC Constraints
Initializing timing engine
Parsing XDC File [C:/Users/Martin/Disk Google/VUT/BPC-EKT/4.semestr/BPC-DE1/Digital-electronics-1-Tachometer/sw/tachometer/tachometer.srcs/constrs_1/imports/Desktop/Arty-A7-100-Master.xdc]
Finished Parsing XDC File [C:/Users/Martin/Disk Google/VUT/BPC-EKT/4.semestr/BPC-DE1/Digital-electronics-1-Tachometer/sw/tachometer/tachometer.srcs/constrs_1/imports/Desktop/Arty-A7-100-Master.xdc]
INFO: [Project 1-236] Implementation specific constraints were found while reading constraint file [C:/Users/Martin/Disk Google/VUT/BPC-EKT/4.semestr/BPC-DE1/Digital-electronics-1-Tachometer/sw/tachometer/tachometer.srcs/constrs_1/imports/Desktop/Arty-A7-100-Master.xdc]. These constraints will be ignored for synthesis but will be used in implementation. Impacted constraints are listed in the file [.Xil/top_propImpl.xdc].
Resolution: To avoid this warning, move constraints listed in [.Xil/top_propImpl.xdc] to another XDC file and exclude this new file from synthesis with the used_in_synthesis property (File Properties dialog in GUI) and re-run elaboration/synthesis.
Completed Processing XDC Constraints

Netlist sorting complete. Time (s): cpu = 00:00:00 ; elapsed = 00:00:00.001 . Memory (MB): peak = 1031.461 ; gain = 0.000
INFO: [Project 1-111] Unisim Transformation Summary:
No Unisim elements were transformed.

Constraint Validation Runtime : Time (s): cpu = 00:00:00 ; elapsed = 00:00:00.011 . Memory (MB): peak = 1031.461 ; gain = 0.000
---------------------------------------------------------------------------------
Finished Constraint Validation : Time (s): cpu = 00:00:15 ; elapsed = 00:00:15 . Memory (MB): peak = 1031.461 ; gain = 26.676
---------------------------------------------------------------------------------
---------------------------------------------------------------------------------
Start Loading Part and Timing Information
---------------------------------------------------------------------------------
Loading part: xc7a100tcsg324-1
---------------------------------------------------------------------------------
Finished Loading Part and Timing Information : Time (s): cpu = 00:00:15 ; elapsed = 00:00:15 . Memory (MB): peak = 1031.461 ; gain = 26.676
---------------------------------------------------------------------------------
---------------------------------------------------------------------------------
Start Applying 'set_property' XDC Constraints
---------------------------------------------------------------------------------
---------------------------------------------------------------------------------
Finished applying 'set_property' XDC Constraints : Time (s): cpu = 00:00:15 ; elapsed = 00:00:15 . Memory (MB): peak = 1031.461 ; gain = 26.676
---------------------------------------------------------------------------------
INFO: [Synth 8-802] inferred FSM for state register 'State_reg' in module 'state_machine'
INFO: [Synth 8-802] inferred FSM for state register 'State_reg' in module 'button_int'
WARNING: [Synth 8-327] inferring latch for variable 'dp_o_reg' [C:/Users/Martin/Disk Google/VUT/BPC-EKT/4.semestr/BPC-DE1/Digital-electronics-1-Tachometer/sw/tachometer/tachometer.srcs/sources_1/imports/sources/DRIVER_4x7SEG.vhd:128]
---------------------------------------------------------------------------------------------------
                   State |                     New Encoding |                Previous Encoding 
---------------------------------------------------------------------------------------------------
                  km_cnt |                            00001 |                              000
                trip_ena |                            00010 |                              100
               speed_cnt |                            00100 |                              010
                 kal_cnt |                            01000 |                              011
                time_cnt |                            10000 |                              001
---------------------------------------------------------------------------------------------------
INFO: [Synth 8-3354] encoded FSM with state register 'State_reg' using encoding 'one-hot' in module 'state_machine'
---------------------------------------------------------------------------------------------------
                   State |                     New Encoding |                Previous Encoding 
---------------------------------------------------------------------------------------------------
                    calm |                              000 |                              000
                   wrath |                              001 |                              001
                 send_up |                              010 |                              010
               send_down |                              011 |                              011
                 send_ok |                              100 |                              100
                send_rst |                              101 |                              101
---------------------------------------------------------------------------------------------------
INFO: [Synth 8-3354] encoded FSM with state register 'State_reg' using encoding 'sequential' in module 'button_int'
WARNING: [Synth 8-327] inferring latch for variable 'st_o_reg' [C:/Users/Martin/Disk Google/VUT/BPC-EKT/4.semestr/BPC-DE1/Digital-electronics-1-Tachometer/sw/tachometer/tachometer.srcs/sources_1/imports/Downloads/button_int.vhd:153]
---------------------------------------------------------------------------------
Finished RTL Optimization Phase 2 : Time (s): cpu = 00:00:18 ; elapsed = 00:00:18 . Memory (MB): peak = 1031.461 ; gain = 26.676
---------------------------------------------------------------------------------
---------------------------------------------------------------------------------
Start RTL Component Statistics 
---------------------------------------------------------------------------------
Detailed RTL Component Info : 
+---Adders : 
	   2 Input   32 Bit       Adders := 7     
	   2 Input   31 Bit       Adders := 3     
	   2 Input   29 Bit       Adders := 1     
	   2 Input   27 Bit       Adders := 1     
	   2 Input   14 Bit       Adders := 4     
	   2 Input    6 Bit       Adders := 3     
	   2 Input    4 Bit       Adders := 170   
	   2 Input    3 Bit       Adders := 7     
	   2 Input    2 Bit       Adders := 1     
+---Registers : 
	               32 Bit    Registers := 9     
	               27 Bit    Registers := 1     
	               16 Bit    Registers := 5     
	               14 Bit    Registers := 2     
	                6 Bit    Registers := 3     
	                2 Bit    Registers := 1     
	                1 Bit    Registers := 47    
+---Multipliers : 
	               7x29  Multipliers := 1     
+---Muxes : 
	   2 Input   32 Bit        Muxes := 27    
	   6 Input   32 Bit        Muxes := 2     
	   2 Input   31 Bit        Muxes := 3     
	   2 Input   29 Bit        Muxes := 1     
	   2 Input   27 Bit        Muxes := 1     
	   2 Input   16 Bit        Muxes := 4     
	   5 Input   16 Bit        Muxes := 1     
	   2 Input   15 Bit        Muxes := 10    
	   2 Input   14 Bit        Muxes := 11    
	   2 Input    6 Bit        Muxes := 6     
	   5 Input    5 Bit        Muxes := 1     
	   2 Input    5 Bit        Muxes := 5     
	   4 Input    4 Bit        Muxes := 2     
	   2 Input    4 Bit        Muxes := 126   
	   6 Input    3 Bit        Muxes := 1     
	   2 Input    3 Bit        Muxes := 3     
	   3 Input    3 Bit        Muxes := 1     
	   2 Input    1 Bit        Muxes := 44    
	   4 Input    1 Bit        Muxes := 1     
	   5 Input    1 Bit        Muxes := 5     
	   6 Input    1 Bit        Muxes := 12    
---------------------------------------------------------------------------------
Finished RTL Component Statistics 
---------------------------------------------------------------------------------
---------------------------------------------------------------------------------
Start Part Resource Summary
---------------------------------------------------------------------------------
Part Resources:
DSPs: 240 (col length:80)
BRAMs: 270 (col length: RAMB18 80 RAMB36 40)
---------------------------------------------------------------------------------
Finished Part Resource Summary
---------------------------------------------------------------------------------
---------------------------------------------------------------------------------
Start Cross Boundary and Area Optimization
---------------------------------------------------------------------------------
DSP Report: Generating DSP temp, operation Mode is: A*(B:0x540).
DSP Report: operator temp is absorbed into DSP temp.
DSP Report: Generating DSP temp, operation Mode is: A*(B:0x540).
DSP Report: operator temp is absorbed into DSP temp.
---------------------------------------------------------------------------------
Finished Cross Boundary and Area Optimization : Time (s): cpu = 00:00:47 ; elapsed = 00:00:47 . Memory (MB): peak = 1242.398 ; gain = 237.613
---------------------------------------------------------------------------------
---------------------------------------------------------------------------------
Start ROM, RAM, DSP, Shift Register and Retiming Reporting
---------------------------------------------------------------------------------

DSP: Preliminary Mapping	Report (see note below)
+------------+-------------+--------+--------+--------+--------+--------+------+------+------+------+-------+------+------+
|Module Name | DSP Mapping | A Size | B Size | C Size | D Size | P Size | AREG | BREG | CREG | DREG | ADREG | MREG | PREG | 
+------------+-------------+--------+--------+--------+--------+--------+------+------+------+------+-------+------+------+
|calories    | A*(B:0x540) | 14     | 12     | -      | -      | 26     | 0    | 0    | -    | -    | -     | 0    | 0    | 
|calories    | A*(B:0x540) | 14     | 12     | -      | -      | 26     | 0    | 0    | -    | -    | -     | 0    | 0    | 
+------------+-------------+--------+--------+--------+--------+--------+------+------+------+------+-------+------+------+

Note: The table above is a preliminary report that shows the DSPs inferred at the current stage of the synthesis flow. Some DSP may be reimplemented as non DSP primitives later in the synthesis flow. Multiple instantiated DSPs are reported only once.
---------------------------------------------------------------------------------
Finished ROM, RAM, DSP, Shift Register and Retiming Reporting
---------------------------------------------------------------------------------
---------------------------------------------------------------------------------
Start Applying XDC Timing Constraints
---------------------------------------------------------------------------------
---------------------------------------------------------------------------------
Finished Applying XDC Timing Constraints : Time (s): cpu = 00:00:58 ; elapsed = 00:00:59 . Memory (MB): peak = 1242.398 ; gain = 237.613
---------------------------------------------------------------------------------
---------------------------------------------------------------------------------
Start Timing Optimization
---------------------------------------------------------------------------------
---------------------------------------------------------------------------------
Finished Timing Optimization : Time (s): cpu = 00:00:58 ; elapsed = 00:00:59 . Memory (MB): peak = 1242.398 ; gain = 237.613
---------------------------------------------------------------------------------
---------------------------------------------------------------------------------
Start Technology Mapping
---------------------------------------------------------------------------------
---------------------------------------------------------------------------------
Finished Technology Mapping : Time (s): cpu = 00:00:59 ; elapsed = 00:01:00 . Memory (MB): peak = 1242.398 ; gain = 237.613
---------------------------------------------------------------------------------
---------------------------------------------------------------------------------
Start IO Insertion
---------------------------------------------------------------------------------
---------------------------------------------------------------------------------
Start Flattening Before IO Insertion
---------------------------------------------------------------------------------
---------------------------------------------------------------------------------
Finished Flattening Before IO Insertion
---------------------------------------------------------------------------------
---------------------------------------------------------------------------------
Start Final Netlist Cleanup
---------------------------------------------------------------------------------
---------------------------------------------------------------------------------
Finished Final Netlist Cleanup
---------------------------------------------------------------------------------
---------------------------------------------------------------------------------
Finished IO Insertion : Time (s): cpu = 00:01:03 ; elapsed = 00:01:03 . Memory (MB): peak = 1242.398 ; gain = 237.613
---------------------------------------------------------------------------------
---------------------------------------------------------------------------------
Start Renaming Generated Instances
---------------------------------------------------------------------------------
---------------------------------------------------------------------------------
Finished Renaming Generated Instances : Time (s): cpu = 00:01:03 ; elapsed = 00:01:04 . Memory (MB): peak = 1242.398 ; gain = 237.613
---------------------------------------------------------------------------------
---------------------------------------------------------------------------------
Start Rebuilding User Hierarchy
---------------------------------------------------------------------------------
---------------------------------------------------------------------------------
Finished Rebuilding User Hierarchy : Time (s): cpu = 00:01:03 ; elapsed = 00:01:04 . Memory (MB): peak = 1242.398 ; gain = 237.613
---------------------------------------------------------------------------------
---------------------------------------------------------------------------------
Start Renaming Generated Ports
---------------------------------------------------------------------------------
---------------------------------------------------------------------------------
Finished Renaming Generated Ports : Time (s): cpu = 00:01:03 ; elapsed = 00:01:04 . Memory (MB): peak = 1242.398 ; gain = 237.613
---------------------------------------------------------------------------------
---------------------------------------------------------------------------------
Start Handling Custom Attributes
---------------------------------------------------------------------------------
---------------------------------------------------------------------------------
Finished Handling Custom Attributes : Time (s): cpu = 00:01:03 ; elapsed = 00:01:04 . Memory (MB): peak = 1242.398 ; gain = 237.613
---------------------------------------------------------------------------------
---------------------------------------------------------------------------------
Start Renaming Generated Nets
---------------------------------------------------------------------------------
---------------------------------------------------------------------------------
Finished Renaming Generated Nets : Time (s): cpu = 00:01:03 ; elapsed = 00:01:04 . Memory (MB): peak = 1242.398 ; gain = 237.613
---------------------------------------------------------------------------------
---------------------------------------------------------------------------------
Start Writing Synthesis Report
---------------------------------------------------------------------------------

Report BlackBoxes: 
+-+--------------+----------+
| |BlackBox name |Instances |
+-+--------------+----------+
+-+--------------+----------+

Report Cell Usage: 
+------+--------+------+
|      |Cell    |Count |
+------+--------+------+
|1     |BUF     |     4|
|2     |BUFG    |     1|
|3     |CARRY4  |   505|
|4     |DSP48E1 |     2|
|5     |LUT1    |   134|
|6     |LUT2    |   363|
|7     |LUT3    |   289|
|8     |LUT4    |   179|
|9     |LUT5    |  1068|
|10    |LUT6    |   546|
|11    |MUXF7   |     3|
|12    |FDPE    |    27|
|13    |FDRE    |   484|
|14    |LD      |     2|
|15    |LDC     |    27|
|16    |IBUF    |     6|
|17    |OBUF    |    19|
+------+--------+------+
---------------------------------------------------------------------------------
Finished Writing Synthesis Report : Time (s): cpu = 00:01:03 ; elapsed = 00:01:04 . Memory (MB): peak = 1242.398 ; gain = 237.613
---------------------------------------------------------------------------------
Synthesis finished with 0 errors, 0 critical warnings and 2 warnings.
Synthesis Optimization Runtime : Time (s): cpu = 00:00:53 ; elapsed = 00:01:01 . Memory (MB): peak = 1242.398 ; gain = 210.938
Synthesis Optimization Complete : Time (s): cpu = 00:01:03 ; elapsed = 00:01:04 . Memory (MB): peak = 1242.398 ; gain = 237.613
INFO: [Project 1-571] Translating synthesized netlist
Netlist sorting complete. Time (s): cpu = 00:00:00 ; elapsed = 00:00:00.055 . Memory (MB): peak = 1242.398 ; gain = 0.000
INFO: [Netlist 29-17] Analyzing 543 Unisim elements for replacement
INFO: [Netlist 29-28] Unisim Transformation completed in 0 CPU seconds
INFO: [Project 1-570] Preparing netlist for logic optimization
INFO: [Opt 31-138] Pushed 0 inverter(s) to 0 load pin(s).
Netlist sorting complete. Time (s): cpu = 00:00:00 ; elapsed = 00:00:00.001 . Memory (MB): peak = 1242.398 ; gain = 0.000
INFO: [Project 1-111] Unisim Transformation Summary:
  A total of 33 instances were transformed.
  BUF => LUT1: 4 instances
  LD => LDCE: 2 instances
  LDC => LDCE: 27 instances

INFO: [Common 17-83] Releasing license: Synthesis
41 Infos, 9 Warnings, 0 Critical Warnings and 0 Errors encountered.
synth_design completed successfully
synth_design: Time (s): cpu = 00:01:09 ; elapsed = 00:01:12 . Memory (MB): peak = 1242.398 ; gain = 237.613
INFO: [Common 17-1381] The checkpoint 'C:/Users/Martin/Disk Google/VUT/BPC-EKT/4.semestr/BPC-DE1/Digital-electronics-1-Tachometer/sw/tachometer/tachometer.runs/synth_1/top.dcp' has been generated.
INFO: [runtcl-4] Executing : report_utilization -file top_utilization_synth.rpt -pb top_utilization_synth.pb
INFO: [Common 17-206] Exiting Vivado at Mon May  3 00:22:21 2021...
