Copyright 1986-2020 Xilinx, Inc. All Rights Reserved.
--------------------------------------------------------------------------------------------------------------------------------------------------------
| Tool Version : Vivado v.2020.2 (win64) Build 3064766 Wed Nov 18 09:12:45 MST 2020
| Date         : Sun May  2 14:02:14 2021
| Host         : MARTIN-DESKTOP running 64-bit major release  (build 9200)
| Command      : report_methodology -file sensor_methodology_drc_routed.rpt -pb sensor_methodology_drc_routed.pb -rpx sensor_methodology_drc_routed.rpx
| Design       : sensor
| Device       : xc7a100tcsg324-1
| Speed File   : -1
| Design State : Fully Routed
--------------------------------------------------------------------------------------------------------------------------------------------------------

Report Methodology

Table of Contents
-----------------
1. REPORT SUMMARY
2. REPORT DETAILS

1. REPORT SUMMARY
-----------------
            Netlist: netlist
          Floorplan: design_1
      Design limits: <entire design considered>
             Max violations: <unlimited>
             Violations found: 151
+-----------+------------------+------------------------------+------------+
| Rule      | Severity         | Description                  | Violations |
+-----------+------------------+------------------------------+------------+
| TIMING-17 | Critical Warning | Non-clocked sequential cell  | 70         |
| LUTAR-1   | Warning          | LUT drives async reset alert | 54         |
| TIMING-20 | Warning          | Non-clocked latch            | 27         |
+-----------+------------------+------------------------------+------------+

2. REPORT DETAILS
-----------------
TIMING-17#1 Critical Warning
Non-clocked sequential cell  
The clock pin disp_o_reg[10]_P/C is not reached by a timing clock
Related violations: <none>

TIMING-17#2 Critical Warning
Non-clocked sequential cell  
The clock pin disp_o_reg[11]_P/C is not reached by a timing clock
Related violations: <none>

TIMING-17#3 Critical Warning
Non-clocked sequential cell  
The clock pin disp_o_reg[12]_P/C is not reached by a timing clock
Related violations: <none>

TIMING-17#4 Critical Warning
Non-clocked sequential cell  
The clock pin disp_o_reg[13]_P/C is not reached by a timing clock
Related violations: <none>

TIMING-17#5 Critical Warning
Non-clocked sequential cell  
The clock pin disp_o_reg[14]_P/C is not reached by a timing clock
Related violations: <none>

TIMING-17#6 Critical Warning
Non-clocked sequential cell  
The clock pin disp_o_reg[15]_P/C is not reached by a timing clock
Related violations: <none>

TIMING-17#7 Critical Warning
Non-clocked sequential cell  
The clock pin disp_o_reg[1]_P/C is not reached by a timing clock
Related violations: <none>

TIMING-17#8 Critical Warning
Non-clocked sequential cell  
The clock pin disp_o_reg[2]_P/C is not reached by a timing clock
Related violations: <none>

TIMING-17#9 Critical Warning
Non-clocked sequential cell  
The clock pin disp_o_reg[3]_P/C is not reached by a timing clock
Related violations: <none>

TIMING-17#10 Critical Warning
Non-clocked sequential cell  
The clock pin disp_o_reg[4]_P/C is not reached by a timing clock
Related violations: <none>

TIMING-17#11 Critical Warning
Non-clocked sequential cell  
The clock pin disp_o_reg[5]_P/C is not reached by a timing clock
Related violations: <none>

TIMING-17#12 Critical Warning
Non-clocked sequential cell  
The clock pin disp_o_reg[6]_P/C is not reached by a timing clock
Related violations: <none>

TIMING-17#13 Critical Warning
Non-clocked sequential cell  
The clock pin disp_o_reg[7]_P/C is not reached by a timing clock
Related violations: <none>

TIMING-17#14 Critical Warning
Non-clocked sequential cell  
The clock pin disp_o_reg[8]_P/C is not reached by a timing clock
Related violations: <none>

TIMING-17#15 Critical Warning
Non-clocked sequential cell  
The clock pin disp_o_reg[9]_P/C is not reached by a timing clock
Related violations: <none>

TIMING-17#16 Critical Warning
Non-clocked sequential cell  
The clock pin s_sensor_i_d_reg/C is not reached by a timing clock
Related violations: <none>

TIMING-17#17 Critical Warning
Non-clocked sequential cell  
The clock pin s_sensor_i_re_reg/C is not reached by a timing clock
Related violations: <none>

TIMING-17#18 Critical Warning
Non-clocked sequential cell  
The clock pin s_speed_cnt_reg[0]/C is not reached by a timing clock
Related violations: <none>

TIMING-17#19 Critical Warning
Non-clocked sequential cell  
The clock pin s_speed_cnt_reg[10]/C is not reached by a timing clock
Related violations: <none>

TIMING-17#20 Critical Warning
Non-clocked sequential cell  
The clock pin s_speed_cnt_reg[11]/C is not reached by a timing clock
Related violations: <none>

TIMING-17#21 Critical Warning
Non-clocked sequential cell  
The clock pin s_speed_cnt_reg[12]/C is not reached by a timing clock
Related violations: <none>

TIMING-17#22 Critical Warning
Non-clocked sequential cell  
The clock pin s_speed_cnt_reg[13]/C is not reached by a timing clock
Related violations: <none>

TIMING-17#23 Critical Warning
Non-clocked sequential cell  
The clock pin s_speed_cnt_reg[14]/C is not reached by a timing clock
Related violations: <none>

TIMING-17#24 Critical Warning
Non-clocked sequential cell  
The clock pin s_speed_cnt_reg[15]/C is not reached by a timing clock
Related violations: <none>

TIMING-17#25 Critical Warning
Non-clocked sequential cell  
The clock pin s_speed_cnt_reg[16]/C is not reached by a timing clock
Related violations: <none>

TIMING-17#26 Critical Warning
Non-clocked sequential cell  
The clock pin s_speed_cnt_reg[17]/C is not reached by a timing clock
Related violations: <none>

TIMING-17#27 Critical Warning
Non-clocked sequential cell  
The clock pin s_speed_cnt_reg[18]/C is not reached by a timing clock
Related violations: <none>

TIMING-17#28 Critical Warning
Non-clocked sequential cell  
The clock pin s_speed_cnt_reg[19]/C is not reached by a timing clock
Related violations: <none>

TIMING-17#29 Critical Warning
Non-clocked sequential cell  
The clock pin s_speed_cnt_reg[1]/C is not reached by a timing clock
Related violations: <none>

TIMING-17#30 Critical Warning
Non-clocked sequential cell  
The clock pin s_speed_cnt_reg[20]/C is not reached by a timing clock
Related violations: <none>

TIMING-17#31 Critical Warning
Non-clocked sequential cell  
The clock pin s_speed_cnt_reg[21]/C is not reached by a timing clock
Related violations: <none>

TIMING-17#32 Critical Warning
Non-clocked sequential cell  
The clock pin s_speed_cnt_reg[22]/C is not reached by a timing clock
Related violations: <none>

TIMING-17#33 Critical Warning
Non-clocked sequential cell  
The clock pin s_speed_cnt_reg[23]/C is not reached by a timing clock
Related violations: <none>

TIMING-17#34 Critical Warning
Non-clocked sequential cell  
The clock pin s_speed_cnt_reg[24]/C is not reached by a timing clock
Related violations: <none>

TIMING-17#35 Critical Warning
Non-clocked sequential cell  
The clock pin s_speed_cnt_reg[25]/C is not reached by a timing clock
Related violations: <none>

TIMING-17#36 Critical Warning
Non-clocked sequential cell  
The clock pin s_speed_cnt_reg[26]/C is not reached by a timing clock
Related violations: <none>

TIMING-17#37 Critical Warning
Non-clocked sequential cell  
The clock pin s_speed_cnt_reg[27]/C is not reached by a timing clock
Related violations: <none>

TIMING-17#38 Critical Warning
Non-clocked sequential cell  
The clock pin s_speed_cnt_reg[28]/C is not reached by a timing clock
Related violations: <none>

TIMING-17#39 Critical Warning
Non-clocked sequential cell  
The clock pin s_speed_cnt_reg[29]/C is not reached by a timing clock
Related violations: <none>

TIMING-17#40 Critical Warning
Non-clocked sequential cell  
The clock pin s_speed_cnt_reg[2]/C is not reached by a timing clock
Related violations: <none>

TIMING-17#41 Critical Warning
Non-clocked sequential cell  
The clock pin s_speed_cnt_reg[30]/C is not reached by a timing clock
Related violations: <none>

TIMING-17#42 Critical Warning
Non-clocked sequential cell  
The clock pin s_speed_cnt_reg[31]/C is not reached by a timing clock
Related violations: <none>

TIMING-17#43 Critical Warning
Non-clocked sequential cell  
The clock pin s_speed_cnt_reg[31]_rep/C is not reached by a timing clock
Related violations: <none>

TIMING-17#44 Critical Warning
Non-clocked sequential cell  
The clock pin s_speed_cnt_reg[31]_rep__0/C is not reached by a timing clock
Related violations: <none>

TIMING-17#45 Critical Warning
Non-clocked sequential cell  
The clock pin s_speed_cnt_reg[31]_rep__1/C is not reached by a timing clock
Related violations: <none>

TIMING-17#46 Critical Warning
Non-clocked sequential cell  
The clock pin s_speed_cnt_reg[31]_rep__2/C is not reached by a timing clock
Related violations: <none>

TIMING-17#47 Critical Warning
Non-clocked sequential cell  
The clock pin s_speed_cnt_reg[31]_rep__3/C is not reached by a timing clock
Related violations: <none>

TIMING-17#48 Critical Warning
Non-clocked sequential cell  
The clock pin s_speed_cnt_reg[31]_rep__4/C is not reached by a timing clock
Related violations: <none>

TIMING-17#49 Critical Warning
Non-clocked sequential cell  
The clock pin s_speed_cnt_reg[31]_rep__5/C is not reached by a timing clock
Related violations: <none>

TIMING-17#50 Critical Warning
Non-clocked sequential cell  
The clock pin s_speed_cnt_reg[31]_rep__6/C is not reached by a timing clock
Related violations: <none>

TIMING-17#51 Critical Warning
Non-clocked sequential cell  
The clock pin s_speed_cnt_reg[3]/C is not reached by a timing clock
Related violations: <none>

TIMING-17#52 Critical Warning
Non-clocked sequential cell  
The clock pin s_speed_cnt_reg[4]/C is not reached by a timing clock
Related violations: <none>

TIMING-17#53 Critical Warning
Non-clocked sequential cell  
The clock pin s_speed_cnt_reg[5]/C is not reached by a timing clock
Related violations: <none>

TIMING-17#54 Critical Warning
Non-clocked sequential cell  
The clock pin s_speed_cnt_reg[6]/C is not reached by a timing clock
Related violations: <none>

TIMING-17#55 Critical Warning
Non-clocked sequential cell  
The clock pin s_speed_cnt_reg[7]/C is not reached by a timing clock
Related violations: <none>

TIMING-17#56 Critical Warning
Non-clocked sequential cell  
The clock pin s_speed_cnt_reg[8]/C is not reached by a timing clock
Related violations: <none>

TIMING-17#57 Critical Warning
Non-clocked sequential cell  
The clock pin s_speed_cnt_reg[9]/C is not reached by a timing clock
Related violations: <none>

TIMING-17#58 Critical Warning
Non-clocked sequential cell  
The clock pin s_speed_reg[10]_P/C is not reached by a timing clock
Related violations: <none>

TIMING-17#59 Critical Warning
Non-clocked sequential cell  
The clock pin s_speed_reg[11]_P/C is not reached by a timing clock
Related violations: <none>

TIMING-17#60 Critical Warning
Non-clocked sequential cell  
The clock pin s_speed_reg[12]_P/C is not reached by a timing clock
Related violations: <none>

TIMING-17#61 Critical Warning
Non-clocked sequential cell  
The clock pin s_speed_reg[13]_P/C is not reached by a timing clock
Related violations: <none>

TIMING-17#62 Critical Warning
Non-clocked sequential cell  
The clock pin s_speed_reg[2]_P/C is not reached by a timing clock
Related violations: <none>

TIMING-17#63 Critical Warning
Non-clocked sequential cell  
The clock pin s_speed_reg[3]_P/C is not reached by a timing clock
Related violations: <none>

TIMING-17#64 Critical Warning
Non-clocked sequential cell  
The clock pin s_speed_reg[4]_P/C is not reached by a timing clock
Related violations: <none>

TIMING-17#65 Critical Warning
Non-clocked sequential cell  
The clock pin s_speed_reg[5]_P/C is not reached by a timing clock
Related violations: <none>

TIMING-17#66 Critical Warning
Non-clocked sequential cell  
The clock pin s_speed_reg[6]_P/C is not reached by a timing clock
Related violations: <none>

TIMING-17#67 Critical Warning
Non-clocked sequential cell  
The clock pin s_speed_reg[7]_P/C is not reached by a timing clock
Related violations: <none>

TIMING-17#68 Critical Warning
Non-clocked sequential cell  
The clock pin s_speed_reg[8]_P/C is not reached by a timing clock
Related violations: <none>

TIMING-17#69 Critical Warning
Non-clocked sequential cell  
The clock pin s_speed_reg[9]_P/C is not reached by a timing clock
Related violations: <none>

TIMING-17#70 Critical Warning
Non-clocked sequential cell  
The clock pin s_temp_reg/C is not reached by a timing clock
Related violations: <none>

LUTAR-1#1 Warning
LUT drives async reset alert  
LUT cell disp_o_reg[10]_LDC_i_1, with 2 or more inputs, drives asynchronous preset/clear pin(s) disp_o_reg[10]_P/PRE. The LUT may glitch and trigger an unexpected reset, even if it is a properly timed path.
Related violations: <none>

LUTAR-1#2 Warning
LUT drives async reset alert  
LUT cell disp_o_reg[10]_LDC_i_2, with 2 or more inputs, drives asynchronous preset/clear pin(s) disp_o_reg[10]_LDC/CLR. The LUT may glitch and trigger an unexpected reset, even if it is a properly timed path.
Related violations: <none>

LUTAR-1#3 Warning
LUT drives async reset alert  
LUT cell disp_o_reg[11]_LDC_i_1, with 2 or more inputs, drives asynchronous preset/clear pin(s) disp_o_reg[11]_P/PRE. The LUT may glitch and trigger an unexpected reset, even if it is a properly timed path.
Related violations: <none>

LUTAR-1#4 Warning
LUT drives async reset alert  
LUT cell disp_o_reg[11]_LDC_i_2, with 2 or more inputs, drives asynchronous preset/clear pin(s) disp_o_reg[11]_LDC/CLR. The LUT may glitch and trigger an unexpected reset, even if it is a properly timed path.
Related violations: <none>

LUTAR-1#5 Warning
LUT drives async reset alert  
LUT cell disp_o_reg[12]_LDC_i_1, with 2 or more inputs, drives asynchronous preset/clear pin(s) disp_o_reg[12]_P/PRE. The LUT may glitch and trigger an unexpected reset, even if it is a properly timed path.
Related violations: <none>

LUTAR-1#6 Warning
LUT drives async reset alert  
LUT cell disp_o_reg[12]_LDC_i_2, with 2 or more inputs, drives asynchronous preset/clear pin(s) disp_o_reg[12]_LDC/CLR. The LUT may glitch and trigger an unexpected reset, even if it is a properly timed path.
Related violations: <none>

LUTAR-1#7 Warning
LUT drives async reset alert  
LUT cell disp_o_reg[13]_LDC_i_1, with 2 or more inputs, drives asynchronous preset/clear pin(s) disp_o_reg[13]_P/PRE. The LUT may glitch and trigger an unexpected reset, even if it is a properly timed path.
Related violations: <none>

LUTAR-1#8 Warning
LUT drives async reset alert  
LUT cell disp_o_reg[13]_LDC_i_2, with 2 or more inputs, drives asynchronous preset/clear pin(s) disp_o_reg[13]_LDC/CLR. The LUT may glitch and trigger an unexpected reset, even if it is a properly timed path.
Related violations: <none>

LUTAR-1#9 Warning
LUT drives async reset alert  
LUT cell disp_o_reg[14]_LDC_i_1, with 2 or more inputs, drives asynchronous preset/clear pin(s) disp_o_reg[14]_P/PRE. The LUT may glitch and trigger an unexpected reset, even if it is a properly timed path.
Related violations: <none>

LUTAR-1#10 Warning
LUT drives async reset alert  
LUT cell disp_o_reg[14]_LDC_i_2, with 2 or more inputs, drives asynchronous preset/clear pin(s) disp_o_reg[14]_LDC/CLR. The LUT may glitch and trigger an unexpected reset, even if it is a properly timed path.
Related violations: <none>

LUTAR-1#11 Warning
LUT drives async reset alert  
LUT cell disp_o_reg[15]_LDC_i_1, with 2 or more inputs, drives asynchronous preset/clear pin(s) disp_o_reg[15]_P/PRE. The LUT may glitch and trigger an unexpected reset, even if it is a properly timed path.
Related violations: <none>

LUTAR-1#12 Warning
LUT drives async reset alert  
LUT cell disp_o_reg[15]_LDC_i_2, with 2 or more inputs, drives asynchronous preset/clear pin(s) disp_o_reg[15]_LDC/CLR. The LUT may glitch and trigger an unexpected reset, even if it is a properly timed path.
Related violations: <none>

LUTAR-1#13 Warning
LUT drives async reset alert  
LUT cell disp_o_reg[1]_LDC_i_1, with 2 or more inputs, drives asynchronous preset/clear pin(s) disp_o_reg[1]_P/PRE. The LUT may glitch and trigger an unexpected reset, even if it is a properly timed path.
Related violations: <none>

LUTAR-1#14 Warning
LUT drives async reset alert  
LUT cell disp_o_reg[1]_LDC_i_2, with 2 or more inputs, drives asynchronous preset/clear pin(s) disp_o_reg[1]_LDC/CLR. The LUT may glitch and trigger an unexpected reset, even if it is a properly timed path.
Related violations: <none>

LUTAR-1#15 Warning
LUT drives async reset alert  
LUT cell disp_o_reg[2]_LDC_i_1, with 2 or more inputs, drives asynchronous preset/clear pin(s) disp_o_reg[2]_P/PRE. The LUT may glitch and trigger an unexpected reset, even if it is a properly timed path.
Related violations: <none>

LUTAR-1#16 Warning
LUT drives async reset alert  
LUT cell disp_o_reg[2]_LDC_i_2, with 2 or more inputs, drives asynchronous preset/clear pin(s) disp_o_reg[2]_LDC/CLR. The LUT may glitch and trigger an unexpected reset, even if it is a properly timed path.
Related violations: <none>

LUTAR-1#17 Warning
LUT drives async reset alert  
LUT cell disp_o_reg[3]_LDC_i_1, with 2 or more inputs, drives asynchronous preset/clear pin(s) disp_o_reg[3]_P/PRE. The LUT may glitch and trigger an unexpected reset, even if it is a properly timed path.
Related violations: <none>

LUTAR-1#18 Warning
LUT drives async reset alert  
LUT cell disp_o_reg[3]_LDC_i_2, with 2 or more inputs, drives asynchronous preset/clear pin(s) disp_o_reg[3]_LDC/CLR. The LUT may glitch and trigger an unexpected reset, even if it is a properly timed path.
Related violations: <none>

LUTAR-1#19 Warning
LUT drives async reset alert  
LUT cell disp_o_reg[4]_LDC_i_1, with 2 or more inputs, drives asynchronous preset/clear pin(s) disp_o_reg[4]_P/PRE. The LUT may glitch and trigger an unexpected reset, even if it is a properly timed path.
Related violations: <none>

LUTAR-1#20 Warning
LUT drives async reset alert  
LUT cell disp_o_reg[4]_LDC_i_2, with 2 or more inputs, drives asynchronous preset/clear pin(s) disp_o_reg[4]_LDC/CLR. The LUT may glitch and trigger an unexpected reset, even if it is a properly timed path.
Related violations: <none>

LUTAR-1#21 Warning
LUT drives async reset alert  
LUT cell disp_o_reg[5]_LDC_i_1, with 2 or more inputs, drives asynchronous preset/clear pin(s) disp_o_reg[5]_P/PRE. The LUT may glitch and trigger an unexpected reset, even if it is a properly timed path.
Related violations: <none>

LUTAR-1#22 Warning
LUT drives async reset alert  
LUT cell disp_o_reg[5]_LDC_i_2, with 2 or more inputs, drives asynchronous preset/clear pin(s) disp_o_reg[5]_LDC/CLR. The LUT may glitch and trigger an unexpected reset, even if it is a properly timed path.
Related violations: <none>

LUTAR-1#23 Warning
LUT drives async reset alert  
LUT cell disp_o_reg[6]_LDC_i_1, with 2 or more inputs, drives asynchronous preset/clear pin(s) disp_o_reg[6]_P/PRE. The LUT may glitch and trigger an unexpected reset, even if it is a properly timed path.
Related violations: <none>

LUTAR-1#24 Warning
LUT drives async reset alert  
LUT cell disp_o_reg[6]_LDC_i_2, with 2 or more inputs, drives asynchronous preset/clear pin(s) disp_o_reg[6]_LDC/CLR. The LUT may glitch and trigger an unexpected reset, even if it is a properly timed path.
Related violations: <none>

LUTAR-1#25 Warning
LUT drives async reset alert  
LUT cell disp_o_reg[7]_LDC_i_1, with 2 or more inputs, drives asynchronous preset/clear pin(s) disp_o_reg[7]_P/PRE. The LUT may glitch and trigger an unexpected reset, even if it is a properly timed path.
Related violations: <none>

LUTAR-1#26 Warning
LUT drives async reset alert  
LUT cell disp_o_reg[7]_LDC_i_2, with 2 or more inputs, drives asynchronous preset/clear pin(s) disp_o_reg[7]_LDC/CLR. The LUT may glitch and trigger an unexpected reset, even if it is a properly timed path.
Related violations: <none>

LUTAR-1#27 Warning
LUT drives async reset alert  
LUT cell disp_o_reg[8]_LDC_i_1, with 2 or more inputs, drives asynchronous preset/clear pin(s) disp_o_reg[8]_P/PRE. The LUT may glitch and trigger an unexpected reset, even if it is a properly timed path.
Related violations: <none>

LUTAR-1#28 Warning
LUT drives async reset alert  
LUT cell disp_o_reg[8]_LDC_i_2, with 2 or more inputs, drives asynchronous preset/clear pin(s) disp_o_reg[8]_LDC/CLR. The LUT may glitch and trigger an unexpected reset, even if it is a properly timed path.
Related violations: <none>

LUTAR-1#29 Warning
LUT drives async reset alert  
LUT cell disp_o_reg[9]_LDC_i_1, with 2 or more inputs, drives asynchronous preset/clear pin(s) disp_o_reg[9]_P/PRE. The LUT may glitch and trigger an unexpected reset, even if it is a properly timed path.
Related violations: <none>

LUTAR-1#30 Warning
LUT drives async reset alert  
LUT cell disp_o_reg[9]_LDC_i_2, with 2 or more inputs, drives asynchronous preset/clear pin(s) disp_o_reg[9]_LDC/CLR. The LUT may glitch and trigger an unexpected reset, even if it is a properly timed path.
Related violations: <none>

LUTAR-1#31 Warning
LUT drives async reset alert  
LUT cell s_speed_reg[10]_LDC_i_1, with 2 or more inputs, drives asynchronous preset/clear pin(s) s_speed_reg[10]_P/PRE. The LUT may glitch and trigger an unexpected reset, even if it is a properly timed path.
Related violations: <none>

LUTAR-1#32 Warning
LUT drives async reset alert  
LUT cell s_speed_reg[10]_LDC_i_2, with 2 or more inputs, drives asynchronous preset/clear pin(s) s_speed_reg[10]_LDC/CLR. The LUT may glitch and trigger an unexpected reset, even if it is a properly timed path.
Related violations: <none>

LUTAR-1#33 Warning
LUT drives async reset alert  
LUT cell s_speed_reg[11]_LDC_i_1, with 2 or more inputs, drives asynchronous preset/clear pin(s) s_speed_reg[11]_P/PRE. The LUT may glitch and trigger an unexpected reset, even if it is a properly timed path.
Related violations: <none>

LUTAR-1#34 Warning
LUT drives async reset alert  
LUT cell s_speed_reg[11]_LDC_i_2, with 2 or more inputs, drives asynchronous preset/clear pin(s) s_speed_reg[11]_LDC/CLR. The LUT may glitch and trigger an unexpected reset, even if it is a properly timed path.
Related violations: <none>

LUTAR-1#35 Warning
LUT drives async reset alert  
LUT cell s_speed_reg[12]_LDC_i_1, with 2 or more inputs, drives asynchronous preset/clear pin(s) s_speed_reg[12]_P/PRE. The LUT may glitch and trigger an unexpected reset, even if it is a properly timed path.
Related violations: <none>

LUTAR-1#36 Warning
LUT drives async reset alert  
LUT cell s_speed_reg[12]_LDC_i_2, with 2 or more inputs, drives asynchronous preset/clear pin(s) s_speed_reg[12]_LDC/CLR. The LUT may glitch and trigger an unexpected reset, even if it is a properly timed path.
Related violations: <none>

LUTAR-1#37 Warning
LUT drives async reset alert  
LUT cell s_speed_reg[13]_LDC_i_1, with 2 or more inputs, drives asynchronous preset/clear pin(s) s_speed_reg[13]_P/PRE. The LUT may glitch and trigger an unexpected reset, even if it is a properly timed path.
Related violations: <none>

LUTAR-1#38 Warning
LUT drives async reset alert  
LUT cell s_speed_reg[13]_LDC_i_2, with 2 or more inputs, drives asynchronous preset/clear pin(s) s_speed_reg[13]_LDC/CLR. The LUT may glitch and trigger an unexpected reset, even if it is a properly timed path.
Related violations: <none>

LUTAR-1#39 Warning
LUT drives async reset alert  
LUT cell s_speed_reg[2]_LDC_i_1, with 2 or more inputs, drives asynchronous preset/clear pin(s) s_speed_reg[2]_P/PRE. The LUT may glitch and trigger an unexpected reset, even if it is a properly timed path.
Related violations: <none>

LUTAR-1#40 Warning
LUT drives async reset alert  
LUT cell s_speed_reg[2]_LDC_i_2, with 2 or more inputs, drives asynchronous preset/clear pin(s) s_speed_reg[2]_LDC/CLR. The LUT may glitch and trigger an unexpected reset, even if it is a properly timed path.
Related violations: <none>

LUTAR-1#41 Warning
LUT drives async reset alert  
LUT cell s_speed_reg[3]_LDC_i_1, with 2 or more inputs, drives asynchronous preset/clear pin(s) s_speed_reg[3]_P/PRE. The LUT may glitch and trigger an unexpected reset, even if it is a properly timed path.
Related violations: <none>

LUTAR-1#42 Warning
LUT drives async reset alert  
LUT cell s_speed_reg[3]_LDC_i_2, with 2 or more inputs, drives asynchronous preset/clear pin(s) s_speed_reg[3]_LDC/CLR. The LUT may glitch and trigger an unexpected reset, even if it is a properly timed path.
Related violations: <none>

LUTAR-1#43 Warning
LUT drives async reset alert  
LUT cell s_speed_reg[4]_LDC_i_1, with 2 or more inputs, drives asynchronous preset/clear pin(s) s_speed_reg[4]_P/PRE. The LUT may glitch and trigger an unexpected reset, even if it is a properly timed path.
Related violations: <none>

LUTAR-1#44 Warning
LUT drives async reset alert  
LUT cell s_speed_reg[4]_LDC_i_2, with 2 or more inputs, drives asynchronous preset/clear pin(s) s_speed_reg[4]_LDC/CLR. The LUT may glitch and trigger an unexpected reset, even if it is a properly timed path.
Related violations: <none>

LUTAR-1#45 Warning
LUT drives async reset alert  
LUT cell s_speed_reg[5]_LDC_i_1, with 2 or more inputs, drives asynchronous preset/clear pin(s) s_speed_reg[5]_P/PRE. The LUT may glitch and trigger an unexpected reset, even if it is a properly timed path.
Related violations: <none>

LUTAR-1#46 Warning
LUT drives async reset alert  
LUT cell s_speed_reg[5]_LDC_i_2, with 2 or more inputs, drives asynchronous preset/clear pin(s) s_speed_reg[5]_LDC/CLR. The LUT may glitch and trigger an unexpected reset, even if it is a properly timed path.
Related violations: <none>

LUTAR-1#47 Warning
LUT drives async reset alert  
LUT cell s_speed_reg[6]_LDC_i_1, with 2 or more inputs, drives asynchronous preset/clear pin(s) s_speed_reg[6]_P/PRE. The LUT may glitch and trigger an unexpected reset, even if it is a properly timed path.
Related violations: <none>

LUTAR-1#48 Warning
LUT drives async reset alert  
LUT cell s_speed_reg[6]_LDC_i_2, with 2 or more inputs, drives asynchronous preset/clear pin(s) s_speed_reg[6]_LDC/CLR. The LUT may glitch and trigger an unexpected reset, even if it is a properly timed path.
Related violations: <none>

LUTAR-1#49 Warning
LUT drives async reset alert  
LUT cell s_speed_reg[7]_LDC_i_1, with 2 or more inputs, drives asynchronous preset/clear pin(s) s_speed_reg[7]_P/PRE. The LUT may glitch and trigger an unexpected reset, even if it is a properly timed path.
Related violations: <none>

LUTAR-1#50 Warning
LUT drives async reset alert  
LUT cell s_speed_reg[7]_LDC_i_2, with 2 or more inputs, drives asynchronous preset/clear pin(s) s_speed_reg[7]_LDC/CLR. The LUT may glitch and trigger an unexpected reset, even if it is a properly timed path.
Related violations: <none>

LUTAR-1#51 Warning
LUT drives async reset alert  
LUT cell s_speed_reg[8]_LDC_i_1, with 2 or more inputs, drives asynchronous preset/clear pin(s) s_speed_reg[8]_P/PRE. The LUT may glitch and trigger an unexpected reset, even if it is a properly timed path.
Related violations: <none>

LUTAR-1#52 Warning
LUT drives async reset alert  
LUT cell s_speed_reg[8]_LDC_i_2, with 2 or more inputs, drives asynchronous preset/clear pin(s) s_speed_reg[8]_LDC/CLR. The LUT may glitch and trigger an unexpected reset, even if it is a properly timed path.
Related violations: <none>

LUTAR-1#53 Warning
LUT drives async reset alert  
LUT cell s_speed_reg[9]_LDC_i_1, with 2 or more inputs, drives asynchronous preset/clear pin(s) s_speed_reg[9]_P/PRE. The LUT may glitch and trigger an unexpected reset, even if it is a properly timed path.
Related violations: <none>

LUTAR-1#54 Warning
LUT drives async reset alert  
LUT cell s_speed_reg[9]_LDC_i_2, with 2 or more inputs, drives asynchronous preset/clear pin(s) s_speed_reg[9]_LDC/CLR. The LUT may glitch and trigger an unexpected reset, even if it is a properly timed path.
Related violations: <none>

TIMING-20#1 Warning
Non-clocked latch  
The latch disp_o_reg[10]_LDC cannot be properly analyzed as its control pin disp_o_reg[10]_LDC/G is not reached by a timing clock
Related violations: <none>

TIMING-20#2 Warning
Non-clocked latch  
The latch disp_o_reg[11]_LDC cannot be properly analyzed as its control pin disp_o_reg[11]_LDC/G is not reached by a timing clock
Related violations: <none>

TIMING-20#3 Warning
Non-clocked latch  
The latch disp_o_reg[12]_LDC cannot be properly analyzed as its control pin disp_o_reg[12]_LDC/G is not reached by a timing clock
Related violations: <none>

TIMING-20#4 Warning
Non-clocked latch  
The latch disp_o_reg[13]_LDC cannot be properly analyzed as its control pin disp_o_reg[13]_LDC/G is not reached by a timing clock
Related violations: <none>

TIMING-20#5 Warning
Non-clocked latch  
The latch disp_o_reg[14]_LDC cannot be properly analyzed as its control pin disp_o_reg[14]_LDC/G is not reached by a timing clock
Related violations: <none>

TIMING-20#6 Warning
Non-clocked latch  
The latch disp_o_reg[15]_LDC cannot be properly analyzed as its control pin disp_o_reg[15]_LDC/G is not reached by a timing clock
Related violations: <none>

TIMING-20#7 Warning
Non-clocked latch  
The latch disp_o_reg[1]_LDC cannot be properly analyzed as its control pin disp_o_reg[1]_LDC/G is not reached by a timing clock
Related violations: <none>

TIMING-20#8 Warning
Non-clocked latch  
The latch disp_o_reg[2]_LDC cannot be properly analyzed as its control pin disp_o_reg[2]_LDC/G is not reached by a timing clock
Related violations: <none>

TIMING-20#9 Warning
Non-clocked latch  
The latch disp_o_reg[3]_LDC cannot be properly analyzed as its control pin disp_o_reg[3]_LDC/G is not reached by a timing clock
Related violations: <none>

TIMING-20#10 Warning
Non-clocked latch  
The latch disp_o_reg[4]_LDC cannot be properly analyzed as its control pin disp_o_reg[4]_LDC/G is not reached by a timing clock
Related violations: <none>

TIMING-20#11 Warning
Non-clocked latch  
The latch disp_o_reg[5]_LDC cannot be properly analyzed as its control pin disp_o_reg[5]_LDC/G is not reached by a timing clock
Related violations: <none>

TIMING-20#12 Warning
Non-clocked latch  
The latch disp_o_reg[6]_LDC cannot be properly analyzed as its control pin disp_o_reg[6]_LDC/G is not reached by a timing clock
Related violations: <none>

TIMING-20#13 Warning
Non-clocked latch  
The latch disp_o_reg[7]_LDC cannot be properly analyzed as its control pin disp_o_reg[7]_LDC/G is not reached by a timing clock
Related violations: <none>

TIMING-20#14 Warning
Non-clocked latch  
The latch disp_o_reg[8]_LDC cannot be properly analyzed as its control pin disp_o_reg[8]_LDC/G is not reached by a timing clock
Related violations: <none>

TIMING-20#15 Warning
Non-clocked latch  
The latch disp_o_reg[9]_LDC cannot be properly analyzed as its control pin disp_o_reg[9]_LDC/G is not reached by a timing clock
Related violations: <none>

TIMING-20#16 Warning
Non-clocked latch  
The latch s_speed_reg[10]_LDC cannot be properly analyzed as its control pin s_speed_reg[10]_LDC/G is not reached by a timing clock
Related violations: <none>

TIMING-20#17 Warning
Non-clocked latch  
The latch s_speed_reg[11]_LDC cannot be properly analyzed as its control pin s_speed_reg[11]_LDC/G is not reached by a timing clock
Related violations: <none>

TIMING-20#18 Warning
Non-clocked latch  
The latch s_speed_reg[12]_LDC cannot be properly analyzed as its control pin s_speed_reg[12]_LDC/G is not reached by a timing clock
Related violations: <none>

TIMING-20#19 Warning
Non-clocked latch  
The latch s_speed_reg[13]_LDC cannot be properly analyzed as its control pin s_speed_reg[13]_LDC/G is not reached by a timing clock
Related violations: <none>

TIMING-20#20 Warning
Non-clocked latch  
The latch s_speed_reg[2]_LDC cannot be properly analyzed as its control pin s_speed_reg[2]_LDC/G is not reached by a timing clock
Related violations: <none>

TIMING-20#21 Warning
Non-clocked latch  
The latch s_speed_reg[3]_LDC cannot be properly analyzed as its control pin s_speed_reg[3]_LDC/G is not reached by a timing clock
Related violations: <none>

TIMING-20#22 Warning
Non-clocked latch  
The latch s_speed_reg[4]_LDC cannot be properly analyzed as its control pin s_speed_reg[4]_LDC/G is not reached by a timing clock
Related violations: <none>

TIMING-20#23 Warning
Non-clocked latch  
The latch s_speed_reg[5]_LDC cannot be properly analyzed as its control pin s_speed_reg[5]_LDC/G is not reached by a timing clock
Related violations: <none>

TIMING-20#24 Warning
Non-clocked latch  
The latch s_speed_reg[6]_LDC cannot be properly analyzed as its control pin s_speed_reg[6]_LDC/G is not reached by a timing clock
Related violations: <none>

TIMING-20#25 Warning
Non-clocked latch  
The latch s_speed_reg[7]_LDC cannot be properly analyzed as its control pin s_speed_reg[7]_LDC/G is not reached by a timing clock
Related violations: <none>

TIMING-20#26 Warning
Non-clocked latch  
The latch s_speed_reg[8]_LDC cannot be properly analyzed as its control pin s_speed_reg[8]_LDC/G is not reached by a timing clock
Related violations: <none>

TIMING-20#27 Warning
Non-clocked latch  
The latch s_speed_reg[9]_LDC cannot be properly analyzed as its control pin s_speed_reg[9]_LDC/G is not reached by a timing clock
Related violations: <none>


